

================================================================
== Vivado HLS Report for 'conv'
================================================================
* Date:           Wed Apr 24 21:45:33 2024

* Version:        2018.3 (Build 2405991 on Thu Dec 06 23:56:15 MST 2018)
* Project:        current_conv
* Solution:       solution1
* Product family: zynq
* Target device:  xc7z020clg400-1


================================================================
== Performance Estimates
================================================================
+ Timing (ns): 
    * Summary: 
    +--------+-------+----------+------------+
    |  Clock | Target| Estimated| Uncertainty|
    +--------+-------+----------+------------+
    |ap_clk  |  50.00|    43.750|        6.25|
    +--------+-------+----------+------------+

+ Latency (clock cycles): 
    * Summary: 
    +-------+-------+-------+-------+---------+
    |    Latency    |    Interval   | Pipeline|
    |  min  |  max  |  min  |  max  |   Type  |
    +-------+-------+-------+-------+---------+
    |  77906|  77906|  77906|  77906|   none  |
    +-------+-------+-------+-------+---------+

    + Detail: 
        * Instance: 
        +-------------------------+--------------+-----+-----+-----+-----+---------+
        |                         |              |  Latency  |  Interval | Pipeline|
        |         Instance        |    Module    | min | max | min | max |   Type  |
        +-------------------------+--------------+-----+-----+-----+-----+---------+
        |grp_multiply_fu_272      |multiply      |   92|   92|   92|   92|   none  |
        |grp_load_feature_fu_281  |load_feature  |  100|  100|  100|  100|   none  |
        |grp_load_weight_fu_300   |load_weight   |  100|  100|  100|  100|   none  |
        +-------------------------+--------------+-----+-----+-----+-----+---------+

        * Loop: 
        +----------------+-------+-------+----------+-----------+-----------+------+----------+
        |                |    Latency    | Iteration|  Initiation Interval  | Trip |          |
        |    Loop Name   |  min  |  max  |  Latency |  achieved |   target  | Count| Pipelined|
        +----------------+-------+-------+----------+-----------+-----------+------+----------+
        |- loop_chout    |  77870|  77870|      7787|          -|          -|    10|    no    |
        | + loop_hout    |   7785|   7785|      1557|          -|          -|     5|    no    |
        |  ++ loop_wout  |   1555|   1555|       311|          -|          -|     5|    no    |
        +----------------+-------+-------+----------+-----------+-----------+------+----------+



================================================================
== Utilization Estimates
================================================================
* Summary: 
+-----------------+---------+-------+--------+-------+
|       Name      | BRAM_18K| DSP48E|   FF   |  LUT  |
+-----------------+---------+-------+--------+-------+
|DSP              |        -|      -|       -|      -|
|Expression       |        -|     12|       0|    650|
|FIFO             |        -|      -|       -|      -|
|Instance         |        2|     55|    3997|   6800|
|Memory           |      128|      -|       0|      0|
|Multiplexer      |        -|      -|       -|    654|
|Register         |        -|      -|    1101|      -|
+-----------------+---------+-------+--------+-------+
|Total            |      130|     67|    5098|   8104|
+-----------------+---------+-------+--------+-------+
|Available        |      280|    220|  106400|  53200|
+-----------------+---------+-------+--------+-------+
|Utilization (%)  |       46|     30|       4|     15|
+-----------------+---------+-------+--------+-------+

+ Detail: 
    * Instance: 
    +--------------------------+----------------------+---------+-------+-----+------+
    |         Instance         |        Module        | BRAM_18K| DSP48E|  FF |  LUT |
    +--------------------------+----------------------+---------+-------+-----+------+
    |conv_AXILiteS_s_axi_U     |conv_AXILiteS_s_axi   |        0|      0|  492|   808|
    |conv_fadd_32ns_32bkb_U29  |conv_fadd_32ns_32bkb  |        0|      2|  177|   385|
    |conv_gmem_m_axi_U         |conv_gmem_m_axi       |        2|      0|  512|   580|
    |conv_sdiv_32ns_32dEe_U30  |conv_sdiv_32ns_32dEe  |        0|      0|  394|   238|
    |conv_sdiv_32ns_32dEe_U31  |conv_sdiv_32ns_32dEe  |        0|      0|  394|   238|
    |grp_load_feature_fu_281   |load_feature          |        0|     24|  907|  2061|
    |grp_load_weight_fu_300    |load_weight           |        0|      6|  205|   257|
    |grp_multiply_fu_272       |multiply              |        0|     23|  916|  2233|
    +--------------------------+----------------------+---------+-------+-----+------+
    |Total                     |                      |        2|     55| 3997|  6800|
    +--------------------------+----------------------+---------+-------+-----+------+

    * DSP48: 
    N/A

    * Memory: 
    +------------------+---------------------+---------+---+----+-------+-----+------+-------------+
    |      Memory      |        Module       | BRAM_18K| FF| LUT| Words | Bits| Banks| W*Bits*Banks|
    +------------------+---------------------+---------+---+----+-------+-----+------+-------------+
    |feature_buffer_U  |conv_feature_buffer  |       64|  0|   0|  25600|   32|     1|       819200|
    |weight_buffer_U   |conv_feature_buffer  |       64|  0|   0|  25600|   32|     1|       819200|
    +------------------+---------------------+---------+---+----+-------+-----+------+-------------+
    |Total             |                     |      128|  0|   0|  51200|   64|     2|      1638400|
    +------------------+---------------------+---------+---+----+-------+-----+------+-------------+

    * FIFO: 
    N/A

    * Expression: 
    +----------------------------+----------+-------+---+----+------------+------------+
    |        Variable Name       | Operation| DSP48E| FF| LUT| Bitwidth P0| Bitwidth P1|
    +----------------------------+----------+-------+---+----+------------+------------+
    |tmp1_fu_416_p2              |     *    |      3|  0|  20|          32|          32|
    |tmp_38_fu_440_p2            |     *    |      3|  0|  20|          32|          32|
    |tmp_40_fu_460_p2            |     *    |      3|  0|  20|          31|          32|
    |tmp_44_fu_485_p2            |     *    |      3|  0|  20|          32|          32|
    |bias8_sum_fu_445_p2         |     +    |      0|  0|  39|          32|          32|
    |cout_1_fu_434_p2            |     +    |      0|  0|  38|          31|           1|
    |feature_out6_sum_fu_514_p2  |     +    |      0|  0|  40|          33|          33|
    |grp_fu_374_p0               |     +    |      0|  0|  32|          32|          32|
    |grp_fu_392_p0               |     +    |      0|  0|  32|          32|          32|
    |h_1_fu_474_p2               |     +    |      0|  0|  38|          31|           1|
    |hout_fu_410_p2              |     +    |      0|  0|  39|           1|          32|
    |next_mul_fu_420_p2          |     +    |      0|  0|  39|          32|          32|
    |tmp_43_fu_480_p2            |     +    |      0|  0|  39|          32|          32|
    |tmp_48_fu_505_p2            |     +    |      0|  0|  39|          32|          32|
    |w_1_fu_499_p2               |     +    |      0|  0|  38|          31|           1|
    |wout_fu_404_p2              |     +    |      0|  0|  39|           1|          32|
    |tmp_33_fu_380_p2            |     -    |      0|  0|  32|          32|          32|
    |tmp_s_fu_362_p2             |     -    |      0|  0|  32|          32|          32|
    |tmp_36_fu_429_p2            |   icmp   |      0|  0|  18|          32|          32|
    |tmp_41_fu_469_p2            |   icmp   |      0|  0|  18|          32|          32|
    |tmp_45_fu_494_p2            |   icmp   |      0|  0|  18|          32|          32|
    +----------------------------+----------+-------+---+----+------------+------------+
    |Total                       |          |     12|  0| 650|         607|         580|
    +----------------------------+----------+-------+---+----+------------+------------+

    * Multiplexer: 
    +-----------------------------+-----+-----------+-----+-----------+
    |             Name            | LUT | Input Size| Bits| Total Bits|
    +-----------------------------+-----+-----------+-----+-----------+
    |ap_NS_fsm                    |  249|         58|    1|         58|
    |ap_sig_ioackin_gmem_ARREADY  |    9|          2|    1|          2|
    |ap_sig_ioackin_gmem_AWREADY  |    9|          2|    1|          2|
    |ap_sig_ioackin_gmem_WREADY   |    9|          2|    1|          2|
    |cout_reg_226                 |    9|          2|   31|         62|
    |feature_buffer_address0      |   15|          3|   15|         45|
    |feature_buffer_ce0           |   15|          3|    1|          3|
    |feature_buffer_we0           |    9|          2|    1|          2|
    |gmem_ARADDR                  |   21|          4|   32|        128|
    |gmem_ARBURST                 |   15|          3|    2|          6|
    |gmem_ARCACHE                 |   15|          3|    4|         12|
    |gmem_ARID                    |   15|          3|    1|          3|
    |gmem_ARLEN                   |   21|          4|   32|        128|
    |gmem_ARLOCK                  |   15|          3|    2|          6|
    |gmem_ARPROT                  |   15|          3|    3|          9|
    |gmem_ARQOS                   |   15|          3|    4|         12|
    |gmem_ARREGION                |   15|          3|    4|         12|
    |gmem_ARSIZE                  |   15|          3|    3|          9|
    |gmem_ARUSER                  |   15|          3|    1|          3|
    |gmem_ARVALID                 |   21|          4|    1|          4|
    |gmem_RREADY                  |   21|          4|    1|          4|
    |gmem_blk_n_AR                |    9|          2|    1|          2|
    |gmem_blk_n_AW                |    9|          2|    1|          2|
    |gmem_blk_n_B                 |    9|          2|    1|          2|
    |gmem_blk_n_R                 |    9|          2|    1|          2|
    |gmem_blk_n_W                 |    9|          2|    1|          2|
    |h_reg_248                    |    9|          2|   31|         62|
    |phi_mul_reg_237              |    9|          2|   32|         64|
    |w_reg_260                    |    9|          2|   31|         62|
    |weight_buffer_address0       |   15|          3|   15|         45|
    |weight_buffer_ce0            |   15|          3|    1|          3|
    |weight_buffer_we0            |    9|          2|    1|          2|
    +-----------------------------+-----+-----------+-----+-----------+
    |Total                        |  654|        141|  258|        760|
    +-----------------------------+-----+-----------+-----+-----------+

    * Register: 
    +--------------------------------------+----+----+-----+-----------+
    |                 Name                 | FF | LUT| Bits| Const Bits|
    +--------------------------------------+----+----+-----+-----------+
    |ap_CS_fsm                             |  57|   0|   57|          0|
    |ap_reg_ioackin_gmem_ARREADY           |   1|   0|    1|          0|
    |ap_reg_ioackin_gmem_AWREADY           |   1|   0|    1|          0|
    |ap_reg_ioackin_gmem_WREADY            |   1|   0|    1|          0|
    |chin_read_reg_572                     |  32|   0|   32|          0|
    |chout_read_reg_567                    |  32|   0|   32|          0|
    |conv_sum_reg_693                      |  32|   0|   32|          0|
    |cout_1_reg_645                        |  31|   0|   31|          0|
    |cout_reg_226                          |  31|   0|   31|          0|
    |feature_in1_reg_595                   |  30|   0|   30|          0|
    |gmem_addr_1_reg_687                   |  32|   0|   32|          0|
    |gmem_addr_read_reg_698                |  32|   0|   32|          0|
    |gmem_addr_reg_655                     |  32|   0|   32|          0|
    |grp_load_feature_fu_281_ap_start_reg  |   1|   0|    1|          0|
    |grp_load_weight_fu_300_ap_start_reg   |   1|   0|    1|          0|
    |grp_multiply_fu_272_ap_start_reg      |   1|   0|    1|          0|
    |h_1_reg_669                           |  31|   0|   31|          0|
    |h_reg_248                             |  31|   0|   31|          0|
    |hin_read_reg_541                      |  32|   0|   32|          0|
    |hout_reg_626                          |  32|   0|   32|          0|
    |kx_read_reg_559                       |  32|   0|   32|          0|
    |ky_read_reg_551                       |  32|   0|   32|          0|
    |next_mul_reg_637                      |  32|   0|   32|          0|
    |padding_read_reg_529                  |  32|   0|   32|          0|
    |phi_mul_reg_237                       |  32|   0|   32|          0|
    |stride_read_reg_534                   |  32|   0|   32|          0|
    |tmp1_reg_632                          |  32|   0|   32|          0|
    |tmp_1_cast_reg_610                    |  30|   0|   32|          2|
    |tmp_2_cast_reg_615                    |  30|   0|   33|          3|
    |tmp_38_reg_650                        |  32|   0|   32|          0|
    |tmp_39_reg_585                        |  30|   0|   30|          0|
    |tmp_40_reg_661                        |  32|   0|   32|          0|
    |tmp_44_reg_674                        |  32|   0|   32|          0|
    |tmp_47_reg_703                        |  32|   0|   32|          0|
    |tmp_reg_580                           |  30|   0|   30|          0|
    |w_1_reg_682                           |  31|   0|   31|          0|
    |w_reg_260                             |  31|   0|   31|          0|
    |weight3_reg_590                       |  30|   0|   30|          0|
    |win_read_reg_546                      |  32|   0|   32|          0|
    |wout_reg_620                          |  32|   0|   32|          0|
    +--------------------------------------+----+----+-----+-----------+
    |Total                                 |1101|   0| 1106|          5|
    +--------------------------------------+----+----+-----+-----------+



================================================================
== Interface
================================================================
* Summary: 
+------------------------+-----+-----+------------+--------------+--------------+
|        RTL Ports       | Dir | Bits|  Protocol  | Source Object|    C Type    |
+------------------------+-----+-----+------------+--------------+--------------+
|s_axi_AXILiteS_AWVALID  |  in |    1|    s_axi   |   AXILiteS   |    scalar    |
|s_axi_AXILiteS_AWREADY  | out |    1|    s_axi   |   AXILiteS   |    scalar    |
|s_axi_AXILiteS_AWADDR   |  in |    7|    s_axi   |   AXILiteS   |    scalar    |
|s_axi_AXILiteS_WVALID   |  in |    1|    s_axi   |   AXILiteS   |    scalar    |
|s_axi_AXILiteS_WREADY   | out |    1|    s_axi   |   AXILiteS   |    scalar    |
|s_axi_AXILiteS_WDATA    |  in |   32|    s_axi   |   AXILiteS   |    scalar    |
|s_axi_AXILiteS_WSTRB    |  in |    4|    s_axi   |   AXILiteS   |    scalar    |
|s_axi_AXILiteS_ARVALID  |  in |    1|    s_axi   |   AXILiteS   |    scalar    |
|s_axi_AXILiteS_ARREADY  | out |    1|    s_axi   |   AXILiteS   |    scalar    |
|s_axi_AXILiteS_ARADDR   |  in |    7|    s_axi   |   AXILiteS   |    scalar    |
|s_axi_AXILiteS_RVALID   | out |    1|    s_axi   |   AXILiteS   |    scalar    |
|s_axi_AXILiteS_RREADY   |  in |    1|    s_axi   |   AXILiteS   |    scalar    |
|s_axi_AXILiteS_RDATA    | out |   32|    s_axi   |   AXILiteS   |    scalar    |
|s_axi_AXILiteS_RRESP    | out |    2|    s_axi   |   AXILiteS   |    scalar    |
|s_axi_AXILiteS_BVALID   | out |    1|    s_axi   |   AXILiteS   |    scalar    |
|s_axi_AXILiteS_BREADY   |  in |    1|    s_axi   |   AXILiteS   |    scalar    |
|s_axi_AXILiteS_BRESP    | out |    2|    s_axi   |   AXILiteS   |    scalar    |
|ap_clk                  |  in |    1| ap_ctrl_hs |     conv     | return value |
|ap_rst_n                |  in |    1| ap_ctrl_hs |     conv     | return value |
|interrupt               | out |    1| ap_ctrl_hs |     conv     | return value |
|m_axi_gmem_AWVALID      | out |    1|    m_axi   |     gmem     |    pointer   |
|m_axi_gmem_AWREADY      |  in |    1|    m_axi   |     gmem     |    pointer   |
|m_axi_gmem_AWADDR       | out |   32|    m_axi   |     gmem     |    pointer   |
|m_axi_gmem_AWID         | out |    1|    m_axi   |     gmem     |    pointer   |
|m_axi_gmem_AWLEN        | out |    8|    m_axi   |     gmem     |    pointer   |
|m_axi_gmem_AWSIZE       | out |    3|    m_axi   |     gmem     |    pointer   |
|m_axi_gmem_AWBURST      | out |    2|    m_axi   |     gmem     |    pointer   |
|m_axi_gmem_AWLOCK       | out |    2|    m_axi   |     gmem     |    pointer   |
|m_axi_gmem_AWCACHE      | out |    4|    m_axi   |     gmem     |    pointer   |
|m_axi_gmem_AWPROT       | out |    3|    m_axi   |     gmem     |    pointer   |
|m_axi_gmem_AWQOS        | out |    4|    m_axi   |     gmem     |    pointer   |
|m_axi_gmem_AWREGION     | out |    4|    m_axi   |     gmem     |    pointer   |
|m_axi_gmem_AWUSER       | out |    1|    m_axi   |     gmem     |    pointer   |
|m_axi_gmem_WVALID       | out |    1|    m_axi   |     gmem     |    pointer   |
|m_axi_gmem_WREADY       |  in |    1|    m_axi   |     gmem     |    pointer   |
|m_axi_gmem_WDATA        | out |   32|    m_axi   |     gmem     |    pointer   |
|m_axi_gmem_WSTRB        | out |    4|    m_axi   |     gmem     |    pointer   |
|m_axi_gmem_WLAST        | out |    1|    m_axi   |     gmem     |    pointer   |
|m_axi_gmem_WID          | out |    1|    m_axi   |     gmem     |    pointer   |
|m_axi_gmem_WUSER        | out |    1|    m_axi   |     gmem     |    pointer   |
|m_axi_gmem_ARVALID      | out |    1|    m_axi   |     gmem     |    pointer   |
|m_axi_gmem_ARREADY      |  in |    1|    m_axi   |     gmem     |    pointer   |
|m_axi_gmem_ARADDR       | out |   32|    m_axi   |     gmem     |    pointer   |
|m_axi_gmem_ARID         | out |    1|    m_axi   |     gmem     |    pointer   |
|m_axi_gmem_ARLEN        | out |    8|    m_axi   |     gmem     |    pointer   |
|m_axi_gmem_ARSIZE       | out |    3|    m_axi   |     gmem     |    pointer   |
|m_axi_gmem_ARBURST      | out |    2|    m_axi   |     gmem     |    pointer   |
|m_axi_gmem_ARLOCK       | out |    2|    m_axi   |     gmem     |    pointer   |
|m_axi_gmem_ARCACHE      | out |    4|    m_axi   |     gmem     |    pointer   |
|m_axi_gmem_ARPROT       | out |    3|    m_axi   |     gmem     |    pointer   |
|m_axi_gmem_ARQOS        | out |    4|    m_axi   |     gmem     |    pointer   |
|m_axi_gmem_ARREGION     | out |    4|    m_axi   |     gmem     |    pointer   |
|m_axi_gmem_ARUSER       | out |    1|    m_axi   |     gmem     |    pointer   |
|m_axi_gmem_RVALID       |  in |    1|    m_axi   |     gmem     |    pointer   |
|m_axi_gmem_RREADY       | out |    1|    m_axi   |     gmem     |    pointer   |
|m_axi_gmem_RDATA        |  in |   32|    m_axi   |     gmem     |    pointer   |
|m_axi_gmem_RLAST        |  in |    1|    m_axi   |     gmem     |    pointer   |
|m_axi_gmem_RID          |  in |    1|    m_axi   |     gmem     |    pointer   |
|m_axi_gmem_RUSER        |  in |    1|    m_axi   |     gmem     |    pointer   |
|m_axi_gmem_RRESP        |  in |    2|    m_axi   |     gmem     |    pointer   |
|m_axi_gmem_BVALID       |  in |    1|    m_axi   |     gmem     |    pointer   |
|m_axi_gmem_BREADY       | out |    1|    m_axi   |     gmem     |    pointer   |
|m_axi_gmem_BRESP        |  in |    2|    m_axi   |     gmem     |    pointer   |
|m_axi_gmem_BID          |  in |    1|    m_axi   |     gmem     |    pointer   |
|m_axi_gmem_BUSER        |  in |    1|    m_axi   |     gmem     |    pointer   |
+------------------------+-----+-----+------------+--------------+--------------+

