INFO: Applying HLS Y2K22 patch v1.2 for IP revision
INFO: [HLS 200-10] Running 'D:/Vivado/Vivado/2018.3/bin/unwrapped/win64.o/vivado_hls.exe'
INFO: [HLS 200-10] For user '21164' on host 'mingyi_tx' (Windows NT_amd64 version 6.2) on Wed Apr 24 21:45:52 +0800 2024
INFO: [HLS 200-10] In directory 'F:/Desktop/PRJ/current_lenet/current_conv_hls_pynq_prj'
INFO: [HLS 200-10] Opening project 'F:/Desktop/PRJ/current_lenet/current_conv_hls_pynq_prj/current_conv'.
INFO: [HLS 200-10] Opening solution 'F:/Desktop/PRJ/current_lenet/current_conv_hls_pynq_prj/current_conv/solution1'.
INFO: [SYN 201-201] Setting up clock 'default' with a period of 50ns.
INFO: [HLS 200-10] Setting target device to 'xc7z020clg400-1'
INFO: [IMPL 213-8] Exporting RTL as a Vivado IP.

****** Vivado v2018.3 (64-bit)
  **** SW Build 2405991 on Thu Dec  6 23:38:27 MST 2018
  **** IP Build 2404404 on Fri Dec  7 01:43:56 MST 2018
    ** Copyright 1986-2018 Xilinx, Inc. All Rights Reserved.

source run_ippack.tcl -notrace
INFO: [ProjectBase 1-489] The host OS only allows 260 characters in a normal path. The project is stored in a path with more than 80 characters. If you experience issues with IP, Block Designs, or files not being found, please consider moving the project to a location with a shorter path. Alternately consider using the OS subst command to map part of the path to a drive letter.
Current project path is 'F:/Desktop/PRJ/current_lenet/current_conv_hls_pynq_prj/current_conv/solution1/impl/ip'
INFO: [IP_Flow 19-234] Refreshing IP repositories
INFO: [IP_Flow 19-1704] No user IP repositories specified
INFO: [IP_Flow 19-2313] Loaded Vivado IP repository 'D:/Vivado/Vivado/2018.3/data/ip'.
WARNING: [IP_Flow 19-4832] The IP name 'conv_ap_fadd_0_full_dsp_32' you have specified is long. The Windows operating system has path length limitations. It is recommended you use shorter names to reduce the likelihood of issues.
INFO: [IP_Flow 19-1686] Generating 'Synthesis' target for IP 'conv_ap_fadd_0_full_dsp_32'...
INFO: [IP_Flow 19-1686] Generating 'Simulation' target for IP 'conv_ap_fadd_0_full_dsp_32'...
INFO: [IP_Flow 19-1686] Generating 'Synthesis' target for IP 'conv_ap_fmul_0_max_dsp_32'...
INFO: [IP_Flow 19-1686] Generating 'Simulation' target for IP 'conv_ap_fmul_0_max_dsp_32'...
INFO: [IP_Flow 19-234] Refreshing IP repositories
INFO: [IP_Flow 19-1704] No user IP repositories specified
INFO: [IP_Flow 19-2313] Loaded Vivado IP repository 'D:/Vivado/Vivado/2018.3/data/ip'.
INFO: [Common 17-206] Exiting Vivado at Wed Apr 24 21:46:01 2024...
