

================================================================
== Vivado HLS Report for 'load_weight'
================================================================
* Date:           Wed Apr 24 21:45:32 2024

* Version:        2018.3 (Build 2405991 on Thu Dec 06 23:56:15 MST 2018)
* Project:        current_conv
* Solution:       solution1
* Product family: zynq
* Target device:  xc7z020clg400-1


================================================================
== Performance Estimates
================================================================
+ Timing (ns): 
    * Summary: 
    +--------+-------+----------+------------+
    |  Clock | Target| Estimated| Uncertainty|
    +--------+-------+----------+------------+
    |ap_clk  |  50.00|    43.750|        6.25|
    +--------+-------+----------+------------+

+ Latency (clock cycles): 
    * Summary: 
    +-----+-----+-----+-----+---------+
    |  Latency  |  Interval | Pipeline|
    | min | max | min | max |   Type  |
    +-----+-----+-----+-----+---------+
    |  100|  100|  100|  100|   none  |
    +-----+-----+-----+-----+---------+

    + Detail: 
        * Instance: 
        N/A

        * Loop: 
        +----------+-----+-----+----------+-----------+-----------+------+----------+
        |          |  Latency  | Iteration|  Initiation Interval  | Trip |          |
        | Loop Name| min | max |  Latency |  achieved |   target  | Count| Pipelined|
        +----------+-----+-----+----------+-----------+-----------+------+----------+
        |- Loop 1  |   91|   91|         3|          1|          1|    90|    yes   |
        +----------+-----+-----+----------+-----------+-----------+------+----------+



================================================================
== Utilization Estimates
================================================================
* Summary: 
+-----------------+---------+-------+--------+-------+
|       Name      | BRAM_18K| DSP48E|   FF   |  LUT  |
+-----------------+---------+-------+--------+-------+
|DSP              |        -|      -|       -|      -|
|Expression       |        -|      6|       0|    144|
|FIFO             |        -|      -|       -|      -|
|Instance         |        -|      -|       -|      -|
|Memory           |        -|      -|       -|      -|
|Multiplexer      |        -|      -|       -|    113|
|Register         |        -|      -|     205|      -|
+-----------------+---------+-------+--------+-------+
|Total            |        0|      6|     205|    257|
+-----------------+---------+-------+--------+-------+
|Available        |      280|    220|  106400|  53200|
+-----------------+---------+-------+--------+-------+
|Utilization (%)  |        0|      2|   ~0   |   ~0  |
+-----------------+---------+-------+--------+-------+

+ Detail: 
    * Instance: 
    N/A

    * DSP48: 
    N/A

    * Memory: 
    N/A

    * FIFO: 
    N/A

    * Expression: 
    +-----------------------------------+----------+-------+---+----+------------+------------+
    |           Variable Name           | Operation| DSP48E| FF| LUT| Bitwidth P0| Bitwidth P1|
    +-----------------------------------+----------+-------+---+----+------------+------------+
    |n_fu_130_p2                        |     *    |      3|  0|  20|          32|          32|
    |tmp1_fu_124_p2                     |     *    |      3|  0|  20|          32|          32|
    |c_1_fu_169_p2                      |     +    |      0|  0|  38|          31|           1|
    |sum2_fu_144_p2                     |     +    |      0|  0|  40|          33|          33|
    |ap_block_pp0_stage0_11001          |    and   |      0|  0|   2|           1|           1|
    |ap_block_state10_pp0_stage0_iter1  |    and   |      0|  0|   2|           1|           1|
    |tmp_s_fu_164_p2                    |   icmp   |      0|  0|  18|          32|          32|
    |ap_enable_pp0                      |    xor   |      0|  0|   2|           1|           2|
    |ap_enable_reg_pp0_iter1            |    xor   |      0|  0|   2|           2|           1|
    +-----------------------------------+----------+-------+---+----+------------+------------+
    |Total                              |          |      6|  0| 144|         165|         135|
    +-----------------------------------+----------+-------+---+----+------------+------------+

    * Multiplexer: 
    +-------------------------------------+----+-----------+-----+-----------+
    |                 Name                | LUT| Input Size| Bits| Total Bits|
    +-------------------------------------+----+-----------+-----+-----------+
    |ap_NS_fsm                            |  50|         11|    1|         11|
    |ap_enable_reg_pp0_iter1              |   9|          2|    1|          2|
    |ap_enable_reg_pp0_iter2              |   9|          2|    1|          2|
    |ap_phi_mux_c_phi_fu_116_p4           |   9|          2|   31|         62|
    |ap_sig_ioackin_m_axi_weight_ARREADY  |   9|          2|    1|          2|
    |c_reg_112                            |   9|          2|   31|         62|
    |weight_blk_n_AR                      |   9|          2|    1|          2|
    |weight_blk_n_R                       |   9|          2|    1|          2|
    +-------------------------------------+----+-----------+-----+-----------+
    |Total                                | 113|         25|   68|        145|
    +-------------------------------------+----+-----------+-----+-----------+

    * Register: 
    +-------------------------------------+----+----+-----+-----------+
    |                 Name                | FF | LUT| Bits| Const Bits|
    +-------------------------------------+----+----+-----+-----------+
    |ap_CS_fsm                            |  10|   0|   10|          0|
    |ap_enable_reg_pp0_iter0              |   1|   0|    1|          0|
    |ap_enable_reg_pp0_iter1              |   1|   0|    1|          0|
    |ap_enable_reg_pp0_iter2              |   1|   0|    1|          0|
    |ap_reg_ioackin_m_axi_weight_ARREADY  |   1|   0|    1|          0|
    |c_1_reg_196                          |  31|   0|   31|          0|
    |c_reg_112                            |  31|   0|   31|          0|
    |c_reg_112_pp0_iter1_reg              |  31|   0|   31|          0|
    |n_reg_180                            |  32|   0|   32|          0|
    |tmp_s_reg_192                        |   1|   0|    1|          0|
    |tmp_s_reg_192_pp0_iter1_reg          |   1|   0|    1|          0|
    |weight_addr_read_reg_201             |  32|   0|   32|          0|
    |weight_addr_reg_186                  |  32|   0|   32|          0|
    +-------------------------------------+----+----+-----+-----------+
    |Total                                | 205|   0|  205|          0|
    +-------------------------------------+----+----+-----+-----------+



================================================================
== Interface
================================================================
* Summary: 
+------------------------+-----+-----+------------+----------------+--------------+
|        RTL Ports       | Dir | Bits|  Protocol  |  Source Object |    C Type    |
+------------------------+-----+-----+------------+----------------+--------------+
|ap_clk                  |  in |    1| ap_ctrl_hs |   load_weight  | return value |
|ap_rst                  |  in |    1| ap_ctrl_hs |   load_weight  | return value |
|ap_start                |  in |    1| ap_ctrl_hs |   load_weight  | return value |
|ap_done                 | out |    1| ap_ctrl_hs |   load_weight  | return value |
|ap_idle                 | out |    1| ap_ctrl_hs |   load_weight  | return value |
|ap_ready                | out |    1| ap_ctrl_hs |   load_weight  | return value |
|m_axi_weight_AWVALID    | out |    1|    m_axi   |     weight     |    pointer   |
|m_axi_weight_AWREADY    |  in |    1|    m_axi   |     weight     |    pointer   |
|m_axi_weight_AWADDR     | out |   32|    m_axi   |     weight     |    pointer   |
|m_axi_weight_AWID       | out |    1|    m_axi   |     weight     |    pointer   |
|m_axi_weight_AWLEN      | out |   32|    m_axi   |     weight     |    pointer   |
|m_axi_weight_AWSIZE     | out |    3|    m_axi   |     weight     |    pointer   |
|m_axi_weight_AWBURST    | out |    2|    m_axi   |     weight     |    pointer   |
|m_axi_weight_AWLOCK     | out |    2|    m_axi   |     weight     |    pointer   |
|m_axi_weight_AWCACHE    | out |    4|    m_axi   |     weight     |    pointer   |
|m_axi_weight_AWPROT     | out |    3|    m_axi   |     weight     |    pointer   |
|m_axi_weight_AWQOS      | out |    4|    m_axi   |     weight     |    pointer   |
|m_axi_weight_AWREGION   | out |    4|    m_axi   |     weight     |    pointer   |
|m_axi_weight_AWUSER     | out |    1|    m_axi   |     weight     |    pointer   |
|m_axi_weight_WVALID     | out |    1|    m_axi   |     weight     |    pointer   |
|m_axi_weight_WREADY     |  in |    1|    m_axi   |     weight     |    pointer   |
|m_axi_weight_WDATA      | out |   32|    m_axi   |     weight     |    pointer   |
|m_axi_weight_WSTRB      | out |    4|    m_axi   |     weight     |    pointer   |
|m_axi_weight_WLAST      | out |    1|    m_axi   |     weight     |    pointer   |
|m_axi_weight_WID        | out |    1|    m_axi   |     weight     |    pointer   |
|m_axi_weight_WUSER      | out |    1|    m_axi   |     weight     |    pointer   |
|m_axi_weight_ARVALID    | out |    1|    m_axi   |     weight     |    pointer   |
|m_axi_weight_ARREADY    |  in |    1|    m_axi   |     weight     |    pointer   |
|m_axi_weight_ARADDR     | out |   32|    m_axi   |     weight     |    pointer   |
|m_axi_weight_ARID       | out |    1|    m_axi   |     weight     |    pointer   |
|m_axi_weight_ARLEN      | out |   32|    m_axi   |     weight     |    pointer   |
|m_axi_weight_ARSIZE     | out |    3|    m_axi   |     weight     |    pointer   |
|m_axi_weight_ARBURST    | out |    2|    m_axi   |     weight     |    pointer   |
|m_axi_weight_ARLOCK     | out |    2|    m_axi   |     weight     |    pointer   |
|m_axi_weight_ARCACHE    | out |    4|    m_axi   |     weight     |    pointer   |
|m_axi_weight_ARPROT     | out |    3|    m_axi   |     weight     |    pointer   |
|m_axi_weight_ARQOS      | out |    4|    m_axi   |     weight     |    pointer   |
|m_axi_weight_ARREGION   | out |    4|    m_axi   |     weight     |    pointer   |
|m_axi_weight_ARUSER     | out |    1|    m_axi   |     weight     |    pointer   |
|m_axi_weight_RVALID     |  in |    1|    m_axi   |     weight     |    pointer   |
|m_axi_weight_RREADY     | out |    1|    m_axi   |     weight     |    pointer   |
|m_axi_weight_RDATA      |  in |   32|    m_axi   |     weight     |    pointer   |
|m_axi_weight_RLAST      |  in |    1|    m_axi   |     weight     |    pointer   |
|m_axi_weight_RID        |  in |    1|    m_axi   |     weight     |    pointer   |
|m_axi_weight_RUSER      |  in |    1|    m_axi   |     weight     |    pointer   |
|m_axi_weight_RRESP      |  in |    2|    m_axi   |     weight     |    pointer   |
|m_axi_weight_BVALID     |  in |    1|    m_axi   |     weight     |    pointer   |
|m_axi_weight_BREADY     | out |    1|    m_axi   |     weight     |    pointer   |
|m_axi_weight_BRESP      |  in |    2|    m_axi   |     weight     |    pointer   |
|m_axi_weight_BID        |  in |    1|    m_axi   |     weight     |    pointer   |
|m_axi_weight_BUSER      |  in |    1|    m_axi   |     weight     |    pointer   |
|weight_offset           |  in |   30|   ap_none  |  weight_offset |    scalar    |
|weight_offset1          |  in |   32|   ap_none  | weight_offset1 |    scalar    |
|weight_buffer_address0  | out |   15|  ap_memory |  weight_buffer |     array    |
|weight_buffer_ce0       | out |    1|  ap_memory |  weight_buffer |     array    |
|weight_buffer_we0       | out |    1|  ap_memory |  weight_buffer |     array    |
|weight_buffer_d0        | out |   32|  ap_memory |  weight_buffer |     array    |
|chin                    |  in |   32|   ap_none  |      chin      |    scalar    |
|kx                      |  in |   32|   ap_none  |       kx       |    scalar    |
|ky                      |  in |   32|   ap_none  |       ky       |    scalar    |
+------------------------+-----+-----+------------+----------------+--------------+

