INFO: [SIM 2] *************** CSIM start ***************
INFO: [SIM 4] CSIM will launch GCC as the compiler.
   Compiling ../../../main.cpp in debug mode
   Generating csim.exe
feature_out[0][0][0] = 5
feature_out[0][0][1] = 7
feature_out[0][0][2] = 7
feature_out[0][0][3] = 7
feature_out[0][0][4] = 5
feature_out[0][1][0] = 7
feature_out[0][1][1] = 10
feature_out[0][1][2] = 10
feature_out[0][1][3] = 10
feature_out[0][1][4] = 7
feature_out[0][2][0] = 7
feature_out[0][2][1] = 10
feature_out[0][2][2] = 10
feature_out[0][2][3] = 10
feature_out[0][2][4] = 7
feature_out[0][3][0] = 7
feature_out[0][3][1] = 10
feature_out[0][3][2] = 10
feature_out[0][3][3] = 10
feature_out[0][3][4] = 7
feature_out[0][4][0] = 5
feature_out[0][4][1] = 7
feature_out[0][4][2] = 7
feature_out[0][4][3] = 7
feature_out[0][4][4] = 5
INFO: [SIM 1] CSim done with 0 errors.
INFO: [SIM 3] *************** CSIM finish ***************
